<?xml version="1.0" encoding="UTF-8"?>
<testsuite xmlns:xsi="http://www.w3.org/2001/XMLSchema-instance" xsi:noNamespaceSchemaLocation="https://maven.apache.org/surefire/maven-surefire-plugin/xsd/surefire-test-report-3.0.xsd" version="3.0" name="pl.edu.agh.kis.pz1.util.MyMapTest" time="0.13" tests="6" errors="0" skipped="0" failures="0">
  <properties>
    <property name="sonar.projectName" value="Hotel"/>
    <property name="java.specification.version" value="23"/>
    <property name="sonar.host.url" value="http://localhost:9000"/>
    <property name="sun.jnu.encoding" value="UTF-8"/>
    <property name="java.class.path" value="/Users/jakubmikolajczyk/IdeaProjects/multi-module 2/utils/target/test-classes:/Users/jakubmikolajczyk/IdeaProjects/multi-module 2/utils/target/classes:/Users/jakubmikolajczyk/.m2/repository/commons-codec/commons-codec/1.15/commons-codec-1.15.jar:/Users/jakubmikolajczyk/.m2/repository/commons-io/commons-io/2.11.0/commons-io-2.11.0.jar:/Users/jakubmikolajczyk/.m2/repository/org/apache/commons/commons-lang3/3.12.0/commons-lang3-3.12.0.jar:/Users/jakubmikolajczyk/.m2/repository/org/apache/commons/commons-csv/1.9.0/commons-csv-1.9.0.jar:/Users/jakubmikolajczyk/.m2/repository/org/junit/jupiter/junit-jupiter/5.8.1/junit-jupiter-5.8.1.jar:/Users/jakubmikolajczyk/.m2/repository/org/junit/jupiter/junit-jupiter-api/5.8.1/junit-jupiter-api-5.8.1.jar:/Users/jakubmikolajczyk/.m2/repository/org/opentest4j/opentest4j/1.2.0/opentest4j-1.2.0.jar:/Users/jakubmikolajczyk/.m2/repository/org/junit/platform/junit-platform-commons/1.8.1/junit-platform-commons-1.8.1.jar:/Users/jakubmikolajczyk/.m2/repository/org/apiguardian/apiguardian-api/1.1.2/apiguardian-api-1.1.2.jar:/Users/jakubmikolajczyk/.m2/repository/org/junit/jupiter/junit-jupiter-params/5.8.1/junit-jupiter-params-5.8.1.jar:/Users/jakubmikolajczyk/.m2/repository/org/junit/jupiter/junit-jupiter-engine/5.8.1/junit-jupiter-engine-5.8.1.jar:/Users/jakubmikolajczyk/.m2/repository/org/junit/platform/junit-platform-engine/1.8.1/junit-platform-engine-1.8.1.jar:"/>
    <property name="java.vm.vendor" value="Homebrew"/>
    <property name="sun.arch.data.model" value="64"/>
    <property name="java.vendor.url" value="https://github.com/Homebrew/homebrew-core/issues"/>
    <property name="os.name" value="Mac OS X"/>
    <property name="java.vm.specification.version" value="23"/>
    <property name="sun.java.launcher" value="SUN_STANDARD"/>
    <property name="user.country" value="US"/>
    <property name="sun.boot.library.path" value="/usr/local/Cellar/openjdk/23/libexec/openjdk.jdk/Contents/Home/lib"/>
    <property name="sun.java.command" value="/Users/jakubmikolajczyk/IdeaProjects/multi-module 2/utils/target/surefire/surefirebooter-20241109161218641_3.jar /Users/jakubmikolajczyk/IdeaProjects/multi-module 2/utils/target/surefire 2024-11-09T16-12-18_354-jvmRun1 surefire-20241109161218641_1tmp surefire_0-20241109161218641_2tmp"/>
    <property name="http.nonProxyHosts" value="local|*.local|169.254/16|*.169.254/16"/>
    <property name="jdk.debug" value="release"/>
    <property name="surefire.test.class.path" value="/Users/jakubmikolajczyk/IdeaProjects/multi-module 2/utils/target/test-classes:/Users/jakubmikolajczyk/IdeaProjects/multi-module 2/utils/target/classes:/Users/jakubmikolajczyk/.m2/repository/commons-codec/commons-codec/1.15/commons-codec-1.15.jar:/Users/jakubmikolajczyk/.m2/repository/commons-io/commons-io/2.11.0/commons-io-2.11.0.jar:/Users/jakubmikolajczyk/.m2/repository/org/apache/commons/commons-lang3/3.12.0/commons-lang3-3.12.0.jar:/Users/jakubmikolajczyk/.m2/repository/org/apache/commons/commons-csv/1.9.0/commons-csv-1.9.0.jar:/Users/jakubmikolajczyk/.m2/repository/org/junit/jupiter/junit-jupiter/5.8.1/junit-jupiter-5.8.1.jar:/Users/jakubmikolajczyk/.m2/repository/org/junit/jupiter/junit-jupiter-api/5.8.1/junit-jupiter-api-5.8.1.jar:/Users/jakubmikolajczyk/.m2/repository/org/opentest4j/opentest4j/1.2.0/opentest4j-1.2.0.jar:/Users/jakubmikolajczyk/.m2/repository/org/junit/platform/junit-platform-commons/1.8.1/junit-platform-commons-1.8.1.jar:/Users/jakubmikolajczyk/.m2/repository/org/apiguardian/apiguardian-api/1.1.2/apiguardian-api-1.1.2.jar:/Users/jakubmikolajczyk/.m2/repository/org/junit/jupiter/junit-jupiter-params/5.8.1/junit-jupiter-params-5.8.1.jar:/Users/jakubmikolajczyk/.m2/repository/org/junit/jupiter/junit-jupiter-engine/5.8.1/junit-jupiter-engine-5.8.1.jar:/Users/jakubmikolajczyk/.m2/repository/org/junit/platform/junit-platform-engine/1.8.1/junit-platform-engine-1.8.1.jar:"/>
    <property name="sun.cpu.endian" value="little"/>
    <property name="user.home" value="/Users/jakubmikolajczyk"/>
    <property name="user.language" value="en"/>
    <property name="java.specification.vendor" value="Oracle Corporation"/>
    <property name="java.version.date" value="2024-09-17"/>
    <property name="java.home" value="/usr/local/Cellar/openjdk/23/libexec/openjdk.jdk/Contents/Home"/>
    <property name="file.separator" value="/"/>
    <property name="basedir" value="/Users/jakubmikolajczyk/IdeaProjects/multi-module 2/utils"/>
    <property name="java.vm.compressedOopsMode" value="Zero based"/>
    <property name="line.separator" value="&#10;"/>
    <property name="java.vm.specification.vendor" value="Oracle Corporation"/>
    <property name="java.specification.name" value="Java Platform API Specification"/>
    <property name="apple.awt.application.name" value="ForkedBooter"/>
    <property name="surefire.real.class.path" value="/Users/jakubmikolajczyk/IdeaProjects/multi-module 2/utils/target/surefire/surefirebooter-20241109161218641_3.jar"/>
    <property name="sun.management.compiler" value="HotSpot 64-Bit Tiered Compilers"/>
    <property name="ftp.nonProxyHosts" value="local|*.local|169.254/16|*.169.254/16"/>
    <property name="java.runtime.version" value="23"/>
    <property name="user.name" value="jakubmikolajczyk"/>
    <property name="stdout.encoding" value="UTF-8"/>
    <property name="path.separator" value=":"/>
    <property name="os.version" value="15.1"/>
    <property name="java.runtime.name" value="OpenJDK Runtime Environment"/>
    <property name="file.encoding" value="UTF-8"/>
    <property name="java.vm.name" value="OpenJDK 64-Bit Server VM"/>
    <property name="java.vendor.version" value="Homebrew"/>
    <property name="localRepository" value="/Users/jakubmikolajczyk/.m2/repository"/>
    <property name="java.vendor.url.bug" value="https://github.com/Homebrew/homebrew-core/issues"/>
    <property name="java.io.tmpdir" value="/var/folders/xd/y6_p349x2bg6wvbdrff1w4bm0000gn/T/"/>
    <property name="sonar.token" value="sqp_211a1b0cd1335793f1464aeaf9b6389e1110a057"/>
    <property name="java.version" value="23"/>
    <property name="user.dir" value="/Users/jakubmikolajczyk/IdeaProjects/multi-module 2/utils"/>
    <property name="os.arch" value="x86_64"/>
    <property name="java.vm.specification.name" value="Java Virtual Machine Specification"/>
    <property name="native.encoding" value="UTF-8"/>
    <property name="sonar.projectKey" value="multi-module_2"/>
    <property name="java.library.path" value="/Users/jakubmikolajczyk/Library/Java/Extensions:/Library/Java/Extensions:/Network/Library/Java/Extensions:/System/Library/Java/Extensions:/usr/lib/java:."/>
    <property name="java.vm.info" value="mixed mode, sharing"/>
    <property name="stderr.encoding" value="UTF-8"/>
    <property name="java.vendor" value="Homebrew"/>
    <property name="java.vm.version" value="23"/>
    <property name="sun.io.unicode.encoding" value="UnicodeBig"/>
    <property name="socksNonProxyHosts" value="local|*.local|169.254/16|*.169.254/16"/>
    <property name="java.class.version" value="67.0"/>
  </properties>
  <testcase name="values" classname="pl.edu.agh.kis.pz1.util.MyMapTest" time="0.063"/>
  <testcase name="get" classname="pl.edu.agh.kis.pz1.util.MyMapTest" time="0.004"/>
  <testcase name="put" classname="pl.edu.agh.kis.pz1.util.MyMapTest" time="0.006"/>
  <testcase name="keys" classname="pl.edu.agh.kis.pz1.util.MyMapTest" time="0.004"/>
  <testcase name="size" classname="pl.edu.agh.kis.pz1.util.MyMapTest" time="0.002"/>
  <testcase name="isEmpty" classname="pl.edu.agh.kis.pz1.util.MyMapTest" time="0.001"/>
</testsuite>